D:\BINHLUANVAN\CODELUANVANGPU\THESISCODING\PSM\PSM\DEBUG\DFS.OBJ
D:\BINHLUANVAN\CODELUANVANGPU\THESISCODING\PSM\PSM\DEBUG\GRAPH.OBJ
D:\BINHLUANVAN\CODELUANVANGPU\THESISCODING\PSM\PSM\DEBUG\GSPAN.OBJ
D:\BINHLUANVAN\CODELUANVANGPU\THESISCODING\PSM\PSM\DEBUG\ISMIN.OBJ
D:\BINHLUANVAN\CODELUANVANGPU\THESISCODING\PSM\PSM\DEBUG\MAIN.OBJ
D:\BINHLUANVAN\CODELUANVANGPU\THESISCODING\PSM\PSM\DEBUG\MISC.OBJ
D:\BINHLUANVAN\CODELUANVANGPU\THESISCODING\PSM\PSM\DEBUG\VC110.PDB
D:\BINHLUANVAN\CODELUANVANGPU\THESISCODING\PSM\PSM\DEBUG\CHECKARRAY.OBJ
D:\BINHLUANVAN\CODELUANVANGPU\THESISCODING\PSM\PSM\DEBUG\DISPLAYARRAY.OBJ
D:\BINHLUANVAN\CODELUANVANGPU\THESISCODING\PSM\PSM\DEBUG\CHECKDATABETWEENHOSTANDGPU.OBJ
D:\BINHLUANVAN\CODELUANVANGPU\THESISCODING\PSM\PSM\DEBUG\SUMUNTILREACHZERO.OBJ
D:\BINHLUANVAN\CODELUANVANGPU\THESISCODING\PSM\DEBUG\PSM.ILK
D:\BINHLUANVAN\CODELUANVANGPU\THESISCODING\PSM\DEBUG\PSM.EXE
D:\BINHLUANVAN\CODELUANVANGPU\THESISCODING\PSM\DEBUG\PSM.PDB
D:\BinhLuanVan\CodeLuanVanGPU\ThesisCoding\PSM\PSM\Debug\access_d_LO_from_idx_of_d_O.cu.cache
D:\BinhLuanVan\CodeLuanVanGPU\ThesisCoding\PSM\PSM\Debug\checkArray.h.cache
D:\BinhLuanVan\CodeLuanVanGPU\ThesisCoding\PSM\PSM\Debug\countNumberOfEdgeLabel.cu.cache
D:\BinhLuanVan\CodeLuanVanGPU\ThesisCoding\PSM\PSM\Debug\countNumberOfLabelVetex.cu.cache
D:\BinhLuanVan\CodeLuanVanGPU\ThesisCoding\PSM\PSM\Debug\extractUniqueEdge.cu.cache
D:\BinhLuanVan\CodeLuanVanGPU\ThesisCoding\PSM\PSM\Debug\kernel.cu.cache
D:\BinhLuanVan\CodeLuanVanGPU\ThesisCoding\PSM\PSM\Debug\kernelaccess_d_LO_from_idx_of_d_O.cu.cache
D:\BinhLuanVan\CodeLuanVanGPU\ThesisCoding\PSM\PSM\Debug\kernelCountLabelInGraphDB.cu.cache
D:\BinhLuanVan\CodeLuanVanGPU\ThesisCoding\PSM\PSM\Debug\kernelCountNumberOfLabelVertex.cu.cache
D:\BinhLuanVan\CodeLuanVanGPU\ThesisCoding\PSM\PSM\Debug\kernelExtractUniqueEdge.cu.cache
D:\BinhLuanVan\CodeLuanVanGPU\ThesisCoding\PSM\PSM\Debug\kernelkernelaccess_d_LO_from_idx_of_d_O.cu.cache
D:\BinhLuanVan\CodeLuanVanGPU\ThesisCoding\PSM\PSM\Debug\kernelMarkInvalidVertex.cu.cache
D:\BinhLuanVan\CodeLuanVanGPU\ThesisCoding\PSM\PSM\Debug\kernelPrintf.cu.cache
D:\BinhLuanVan\CodeLuanVanGPU\ThesisCoding\PSM\PSM\Debug\kernelReduce.cu.cache
D:\BinhLuanVan\CodeLuanVanGPU\ThesisCoding\PSM\PSM\Debug\markInvalidVertex.cu.cache
D:\BinhLuanVan\CodeLuanVanGPU\ThesisCoding\PSM\PSM\Debug\prescan.cu.cache
D:\BinhLuanVan\CodeLuanVanGPU\ThesisCoding\PSM\PSM\Debug\access_d_LO_from_idx_of_d_O.cu.obj
D:\BinhLuanVan\CodeLuanVanGPU\ThesisCoding\PSM\PSM\Debug\checkArray.obj
D:\BinhLuanVan\CodeLuanVanGPU\ThesisCoding\PSM\PSM\Debug\checkDataBetweenHostAndGPU.obj
D:\BinhLuanVan\CodeLuanVanGPU\ThesisCoding\PSM\PSM\Debug\countNumberOfEdgeLabel.cu.obj
D:\BinhLuanVan\CodeLuanVanGPU\ThesisCoding\PSM\PSM\Debug\countNumberOfLabelVetex.cu.obj
D:\BinhLuanVan\CodeLuanVanGPU\ThesisCoding\PSM\PSM\Debug\dfs.obj
D:\BinhLuanVan\CodeLuanVanGPU\ThesisCoding\PSM\PSM\Debug\displayArray.obj
D:\BinhLuanVan\CodeLuanVanGPU\ThesisCoding\PSM\PSM\Debug\extractUniqueEdge.cu.obj
D:\BinhLuanVan\CodeLuanVanGPU\ThesisCoding\PSM\PSM\Debug\graph.obj
D:\BinhLuanVan\CodeLuanVanGPU\ThesisCoding\PSM\PSM\Debug\gspan.obj
D:\BinhLuanVan\CodeLuanVanGPU\ThesisCoding\PSM\PSM\Debug\ismin.obj
D:\BinhLuanVan\CodeLuanVanGPU\ThesisCoding\PSM\PSM\Debug\kernel.cu.obj
D:\BinhLuanVan\CodeLuanVanGPU\ThesisCoding\PSM\PSM\Debug\kernelaccess_d_LO_from_idx_of_d_O.cu.obj
D:\BinhLuanVan\CodeLuanVanGPU\ThesisCoding\PSM\PSM\Debug\kernelCountLabelInGraphDB.cu.obj
D:\BinhLuanVan\CodeLuanVanGPU\ThesisCoding\PSM\PSM\Debug\kernelCountNumberOfLabelVertex.cu.obj
D:\BinhLuanVan\CodeLuanVanGPU\ThesisCoding\PSM\PSM\Debug\kernelExtractUniqueEdge.cu.obj
D:\BinhLuanVan\CodeLuanVanGPU\ThesisCoding\PSM\PSM\Debug\kernelkernelaccess_d_LO_from_idx_of_d_O.cu.obj
D:\BinhLuanVan\CodeLuanVanGPU\ThesisCoding\PSM\PSM\Debug\kernelMarkInvalidVertex.cu.obj
D:\BinhLuanVan\CodeLuanVanGPU\ThesisCoding\PSM\PSM\Debug\kernelPrintf.cu.obj
D:\BinhLuanVan\CodeLuanVanGPU\ThesisCoding\PSM\PSM\Debug\kernelReduce.cu.obj
D:\BinhLuanVan\CodeLuanVanGPU\ThesisCoding\PSM\PSM\Debug\main.obj
D:\BinhLuanVan\CodeLuanVanGPU\ThesisCoding\PSM\PSM\Debug\markInvalidVertex.cu.obj
D:\BinhLuanVan\CodeLuanVanGPU\ThesisCoding\PSM\PSM\Debug\misc.obj
D:\BinhLuanVan\CodeLuanVanGPU\ThesisCoding\PSM\PSM\Debug\prescan.cu.obj
D:\BinhLuanVan\CodeLuanVanGPU\ThesisCoding\PSM\PSM\Debug\sumUntilReachZero.obj
D:\BinhLuanVan\CodeLuanVanGPU\ThesisCoding\PSM\PSM\Debug\cl.command.1.tlog
D:\BinhLuanVan\CodeLuanVanGPU\ThesisCoding\PSM\PSM\Debug\CL.read.1.tlog
D:\BinhLuanVan\CodeLuanVanGPU\ThesisCoding\PSM\PSM\Debug\CL.write.1.tlog
D:\BinhLuanVan\CodeLuanVanGPU\ThesisCoding\PSM\PSM\Debug\link-cvtres.read.1.tlog
D:\BinhLuanVan\CodeLuanVanGPU\ThesisCoding\PSM\PSM\Debug\link-cvtres.write.1.tlog
D:\BinhLuanVan\CodeLuanVanGPU\ThesisCoding\PSM\PSM\Debug\link-rc.read.1.tlog
D:\BinhLuanVan\CodeLuanVanGPU\ThesisCoding\PSM\PSM\Debug\link-rc.write.1.tlog
D:\BinhLuanVan\CodeLuanVanGPU\ThesisCoding\PSM\PSM\Debug\link.1144-cvtres.read.1.tlog
D:\BinhLuanVan\CodeLuanVanGPU\ThesisCoding\PSM\PSM\Debug\link.1144-cvtres.write.1.tlog
D:\BinhLuanVan\CodeLuanVanGPU\ThesisCoding\PSM\PSM\Debug\link.1144-rc.read.1.tlog
D:\BinhLuanVan\CodeLuanVanGPU\ThesisCoding\PSM\PSM\Debug\link.1144-rc.write.1.tlog
D:\BinhLuanVan\CodeLuanVanGPU\ThesisCoding\PSM\PSM\Debug\link.1144.read.1.tlog
D:\BinhLuanVan\CodeLuanVanGPU\ThesisCoding\PSM\PSM\Debug\link.1144.write.1.tlog
D:\BinhLuanVan\CodeLuanVanGPU\ThesisCoding\PSM\PSM\Debug\link.12068-cvtres.read.1.tlog
D:\BinhLuanVan\CodeLuanVanGPU\ThesisCoding\PSM\PSM\Debug\link.12068-cvtres.write.1.tlog
D:\BinhLuanVan\CodeLuanVanGPU\ThesisCoding\PSM\PSM\Debug\link.12068-rc.read.1.tlog
D:\BinhLuanVan\CodeLuanVanGPU\ThesisCoding\PSM\PSM\Debug\link.12068-rc.write.1.tlog
D:\BinhLuanVan\CodeLuanVanGPU\ThesisCoding\PSM\PSM\Debug\link.12068.read.1.tlog
D:\BinhLuanVan\CodeLuanVanGPU\ThesisCoding\PSM\PSM\Debug\link.12068.write.1.tlog
D:\BinhLuanVan\CodeLuanVanGPU\ThesisCoding\PSM\PSM\Debug\link.1308-cvtres.read.1.tlog
D:\BinhLuanVan\CodeLuanVanGPU\ThesisCoding\PSM\PSM\Debug\link.1308-cvtres.write.1.tlog
D:\BinhLuanVan\CodeLuanVanGPU\ThesisCoding\PSM\PSM\Debug\link.1308-rc.read.1.tlog
D:\BinhLuanVan\CodeLuanVanGPU\ThesisCoding\PSM\PSM\Debug\link.1308-rc.write.1.tlog
D:\BinhLuanVan\CodeLuanVanGPU\ThesisCoding\PSM\PSM\Debug\link.1308.read.1.tlog
D:\BinhLuanVan\CodeLuanVanGPU\ThesisCoding\PSM\PSM\Debug\link.1308.write.1.tlog
D:\BinhLuanVan\CodeLuanVanGPU\ThesisCoding\PSM\PSM\Debug\link.2784-cvtres.read.1.tlog
D:\BinhLuanVan\CodeLuanVanGPU\ThesisCoding\PSM\PSM\Debug\link.2784-cvtres.write.1.tlog
D:\BinhLuanVan\CodeLuanVanGPU\ThesisCoding\PSM\PSM\Debug\link.2784-rc.read.1.tlog
D:\BinhLuanVan\CodeLuanVanGPU\ThesisCoding\PSM\PSM\Debug\link.2784-rc.write.1.tlog
D:\BinhLuanVan\CodeLuanVanGPU\ThesisCoding\PSM\PSM\Debug\link.2784.read.1.tlog
D:\BinhLuanVan\CodeLuanVanGPU\ThesisCoding\PSM\PSM\Debug\link.2784.write.1.tlog
D:\BinhLuanVan\CodeLuanVanGPU\ThesisCoding\PSM\PSM\Debug\link.3092-cvtres.read.1.tlog
D:\BinhLuanVan\CodeLuanVanGPU\ThesisCoding\PSM\PSM\Debug\link.3092-cvtres.write.1.tlog
D:\BinhLuanVan\CodeLuanVanGPU\ThesisCoding\PSM\PSM\Debug\link.3092-rc.read.1.tlog
D:\BinhLuanVan\CodeLuanVanGPU\ThesisCoding\PSM\PSM\Debug\link.3092-rc.write.1.tlog
D:\BinhLuanVan\CodeLuanVanGPU\ThesisCoding\PSM\PSM\Debug\link.3092.read.1.tlog
D:\BinhLuanVan\CodeLuanVanGPU\ThesisCoding\PSM\PSM\Debug\link.3092.write.1.tlog
D:\BinhLuanVan\CodeLuanVanGPU\ThesisCoding\PSM\PSM\Debug\link.3552-cvtres.read.1.tlog
D:\BinhLuanVan\CodeLuanVanGPU\ThesisCoding\PSM\PSM\Debug\link.3552-cvtres.write.1.tlog
D:\BinhLuanVan\CodeLuanVanGPU\ThesisCoding\PSM\PSM\Debug\link.3552-rc.read.1.tlog
D:\BinhLuanVan\CodeLuanVanGPU\ThesisCoding\PSM\PSM\Debug\link.3552-rc.write.1.tlog
D:\BinhLuanVan\CodeLuanVanGPU\ThesisCoding\PSM\PSM\Debug\link.3552.read.1.tlog
D:\BinhLuanVan\CodeLuanVanGPU\ThesisCoding\PSM\PSM\Debug\link.3552.write.1.tlog
D:\BinhLuanVan\CodeLuanVanGPU\ThesisCoding\PSM\PSM\Debug\link.4068-cvtres.read.1.tlog
D:\BinhLuanVan\CodeLuanVanGPU\ThesisCoding\PSM\PSM\Debug\link.4068-cvtres.write.1.tlog
D:\BinhLuanVan\CodeLuanVanGPU\ThesisCoding\PSM\PSM\Debug\link.4068-rc.read.1.tlog
D:\BinhLuanVan\CodeLuanVanGPU\ThesisCoding\PSM\PSM\Debug\link.4068-rc.write.1.tlog
D:\BinhLuanVan\CodeLuanVanGPU\ThesisCoding\PSM\PSM\Debug\link.4068.read.1.tlog
D:\BinhLuanVan\CodeLuanVanGPU\ThesisCoding\PSM\PSM\Debug\link.4068.write.1.tlog
D:\BinhLuanVan\CodeLuanVanGPU\ThesisCoding\PSM\PSM\Debug\link.4232-cvtres.read.1.tlog
D:\BinhLuanVan\CodeLuanVanGPU\ThesisCoding\PSM\PSM\Debug\link.4232-cvtres.write.1.tlog
D:\BinhLuanVan\CodeLuanVanGPU\ThesisCoding\PSM\PSM\Debug\link.4232-rc.read.1.tlog
D:\BinhLuanVan\CodeLuanVanGPU\ThesisCoding\PSM\PSM\Debug\link.4232-rc.write.1.tlog
D:\BinhLuanVan\CodeLuanVanGPU\ThesisCoding\PSM\PSM\Debug\link.4232.read.1.tlog
D:\BinhLuanVan\CodeLuanVanGPU\ThesisCoding\PSM\PSM\Debug\link.4232.write.1.tlog
D:\BinhLuanVan\CodeLuanVanGPU\ThesisCoding\PSM\PSM\Debug\link.5220-cvtres.read.1.tlog
D:\BinhLuanVan\CodeLuanVanGPU\ThesisCoding\PSM\PSM\Debug\link.5220-cvtres.write.1.tlog
D:\BinhLuanVan\CodeLuanVanGPU\ThesisCoding\PSM\PSM\Debug\link.5220-rc.read.1.tlog
D:\BinhLuanVan\CodeLuanVanGPU\ThesisCoding\PSM\PSM\Debug\link.5220-rc.write.1.tlog
D:\BinhLuanVan\CodeLuanVanGPU\ThesisCoding\PSM\PSM\Debug\link.5220.read.1.tlog
D:\BinhLuanVan\CodeLuanVanGPU\ThesisCoding\PSM\PSM\Debug\link.5220.write.1.tlog
D:\BinhLuanVan\CodeLuanVanGPU\ThesisCoding\PSM\PSM\Debug\link.5916-cvtres.read.1.tlog
D:\BinhLuanVan\CodeLuanVanGPU\ThesisCoding\PSM\PSM\Debug\link.5916-cvtres.write.1.tlog
D:\BinhLuanVan\CodeLuanVanGPU\ThesisCoding\PSM\PSM\Debug\link.5916-rc.read.1.tlog
D:\BinhLuanVan\CodeLuanVanGPU\ThesisCoding\PSM\PSM\Debug\link.5916-rc.write.1.tlog
D:\BinhLuanVan\CodeLuanVanGPU\ThesisCoding\PSM\PSM\Debug\link.5916.read.1.tlog
D:\BinhLuanVan\CodeLuanVanGPU\ThesisCoding\PSM\PSM\Debug\link.5916.write.1.tlog
D:\BinhLuanVan\CodeLuanVanGPU\ThesisCoding\PSM\PSM\Debug\link.6088-cvtres.read.1.tlog
D:\BinhLuanVan\CodeLuanVanGPU\ThesisCoding\PSM\PSM\Debug\link.6088-cvtres.write.1.tlog
D:\BinhLuanVan\CodeLuanVanGPU\ThesisCoding\PSM\PSM\Debug\link.6088-rc.read.1.tlog
D:\BinhLuanVan\CodeLuanVanGPU\ThesisCoding\PSM\PSM\Debug\link.6088-rc.write.1.tlog
D:\BinhLuanVan\CodeLuanVanGPU\ThesisCoding\PSM\PSM\Debug\link.6088.read.1.tlog
D:\BinhLuanVan\CodeLuanVanGPU\ThesisCoding\PSM\PSM\Debug\link.6088.write.1.tlog
D:\BinhLuanVan\CodeLuanVanGPU\ThesisCoding\PSM\PSM\Debug\link.6372-cvtres.read.1.tlog
D:\BinhLuanVan\CodeLuanVanGPU\ThesisCoding\PSM\PSM\Debug\link.6372-cvtres.write.1.tlog
D:\BinhLuanVan\CodeLuanVanGPU\ThesisCoding\PSM\PSM\Debug\link.6372-rc.read.1.tlog
D:\BinhLuanVan\CodeLuanVanGPU\ThesisCoding\PSM\PSM\Debug\link.6372-rc.write.1.tlog
D:\BinhLuanVan\CodeLuanVanGPU\ThesisCoding\PSM\PSM\Debug\link.6372.read.1.tlog
D:\BinhLuanVan\CodeLuanVanGPU\ThesisCoding\PSM\PSM\Debug\link.6372.write.1.tlog
D:\BinhLuanVan\CodeLuanVanGPU\ThesisCoding\PSM\PSM\Debug\link.6504-cvtres.read.1.tlog
D:\BinhLuanVan\CodeLuanVanGPU\ThesisCoding\PSM\PSM\Debug\link.6504-cvtres.write.1.tlog
D:\BinhLuanVan\CodeLuanVanGPU\ThesisCoding\PSM\PSM\Debug\link.6504-rc.read.1.tlog
D:\BinhLuanVan\CodeLuanVanGPU\ThesisCoding\PSM\PSM\Debug\link.6504-rc.write.1.tlog
D:\BinhLuanVan\CodeLuanVanGPU\ThesisCoding\PSM\PSM\Debug\link.6504.read.1.tlog
D:\BinhLuanVan\CodeLuanVanGPU\ThesisCoding\PSM\PSM\Debug\link.6504.write.1.tlog
D:\BinhLuanVan\CodeLuanVanGPU\ThesisCoding\PSM\PSM\Debug\link.6592-cvtres.read.1.tlog
D:\BinhLuanVan\CodeLuanVanGPU\ThesisCoding\PSM\PSM\Debug\link.6592-cvtres.write.1.tlog
D:\BinhLuanVan\CodeLuanVanGPU\ThesisCoding\PSM\PSM\Debug\link.6592-rc.read.1.tlog
D:\BinhLuanVan\CodeLuanVanGPU\ThesisCoding\PSM\PSM\Debug\link.6592-rc.write.1.tlog
D:\BinhLuanVan\CodeLuanVanGPU\ThesisCoding\PSM\PSM\Debug\link.6592.read.1.tlog
D:\BinhLuanVan\CodeLuanVanGPU\ThesisCoding\PSM\PSM\Debug\link.6592.write.1.tlog
D:\BinhLuanVan\CodeLuanVanGPU\ThesisCoding\PSM\PSM\Debug\link.6952-cvtres.read.1.tlog
D:\BinhLuanVan\CodeLuanVanGPU\ThesisCoding\PSM\PSM\Debug\link.6952-cvtres.write.1.tlog
D:\BinhLuanVan\CodeLuanVanGPU\ThesisCoding\PSM\PSM\Debug\link.6952-rc.read.1.tlog
D:\BinhLuanVan\CodeLuanVanGPU\ThesisCoding\PSM\PSM\Debug\link.6952-rc.write.1.tlog
D:\BinhLuanVan\CodeLuanVanGPU\ThesisCoding\PSM\PSM\Debug\link.6952.read.1.tlog
D:\BinhLuanVan\CodeLuanVanGPU\ThesisCoding\PSM\PSM\Debug\link.6952.write.1.tlog
D:\BinhLuanVan\CodeLuanVanGPU\ThesisCoding\PSM\PSM\Debug\link.7096-cvtres.read.1.tlog
D:\BinhLuanVan\CodeLuanVanGPU\ThesisCoding\PSM\PSM\Debug\link.7096-cvtres.write.1.tlog
D:\BinhLuanVan\CodeLuanVanGPU\ThesisCoding\PSM\PSM\Debug\link.7096-rc.read.1.tlog
D:\BinhLuanVan\CodeLuanVanGPU\ThesisCoding\PSM\PSM\Debug\link.7096-rc.write.1.tlog
D:\BinhLuanVan\CodeLuanVanGPU\ThesisCoding\PSM\PSM\Debug\link.7096.read.1.tlog
D:\BinhLuanVan\CodeLuanVanGPU\ThesisCoding\PSM\PSM\Debug\link.7096.write.1.tlog
D:\BinhLuanVan\CodeLuanVanGPU\ThesisCoding\PSM\PSM\Debug\link.7216-cvtres.read.1.tlog
D:\BinhLuanVan\CodeLuanVanGPU\ThesisCoding\PSM\PSM\Debug\link.7216-cvtres.write.1.tlog
D:\BinhLuanVan\CodeLuanVanGPU\ThesisCoding\PSM\PSM\Debug\link.7216-rc.read.1.tlog
D:\BinhLuanVan\CodeLuanVanGPU\ThesisCoding\PSM\PSM\Debug\link.7216-rc.write.1.tlog
D:\BinhLuanVan\CodeLuanVanGPU\ThesisCoding\PSM\PSM\Debug\link.7216.read.1.tlog
D:\BinhLuanVan\CodeLuanVanGPU\ThesisCoding\PSM\PSM\Debug\link.7216.write.1.tlog
D:\BinhLuanVan\CodeLuanVanGPU\ThesisCoding\PSM\PSM\Debug\link.7380-cvtres.read.1.tlog
D:\BinhLuanVan\CodeLuanVanGPU\ThesisCoding\PSM\PSM\Debug\link.7380-cvtres.write.1.tlog
D:\BinhLuanVan\CodeLuanVanGPU\ThesisCoding\PSM\PSM\Debug\link.7380-rc.read.1.tlog
D:\BinhLuanVan\CodeLuanVanGPU\ThesisCoding\PSM\PSM\Debug\link.7380-rc.write.1.tlog
D:\BinhLuanVan\CodeLuanVanGPU\ThesisCoding\PSM\PSM\Debug\link.7380.read.1.tlog
D:\BinhLuanVan\CodeLuanVanGPU\ThesisCoding\PSM\PSM\Debug\link.7380.write.1.tlog
D:\BinhLuanVan\CodeLuanVanGPU\ThesisCoding\PSM\PSM\Debug\link.7460-cvtres.read.1.tlog
D:\BinhLuanVan\CodeLuanVanGPU\ThesisCoding\PSM\PSM\Debug\link.7460-cvtres.write.1.tlog
D:\BinhLuanVan\CodeLuanVanGPU\ThesisCoding\PSM\PSM\Debug\link.7460-rc.read.1.tlog
D:\BinhLuanVan\CodeLuanVanGPU\ThesisCoding\PSM\PSM\Debug\link.7460-rc.write.1.tlog
D:\BinhLuanVan\CodeLuanVanGPU\ThesisCoding\PSM\PSM\Debug\link.7460.read.1.tlog
D:\BinhLuanVan\CodeLuanVanGPU\ThesisCoding\PSM\PSM\Debug\link.7460.write.1.tlog
D:\BinhLuanVan\CodeLuanVanGPU\ThesisCoding\PSM\PSM\Debug\link.7496-cvtres.read.1.tlog
D:\BinhLuanVan\CodeLuanVanGPU\ThesisCoding\PSM\PSM\Debug\link.7496-cvtres.write.1.tlog
D:\BinhLuanVan\CodeLuanVanGPU\ThesisCoding\PSM\PSM\Debug\link.7496-rc.read.1.tlog
D:\BinhLuanVan\CodeLuanVanGPU\ThesisCoding\PSM\PSM\Debug\link.7496-rc.write.1.tlog
D:\BinhLuanVan\CodeLuanVanGPU\ThesisCoding\PSM\PSM\Debug\link.7496.read.1.tlog
D:\BinhLuanVan\CodeLuanVanGPU\ThesisCoding\PSM\PSM\Debug\link.7496.write.1.tlog
D:\BinhLuanVan\CodeLuanVanGPU\ThesisCoding\PSM\PSM\Debug\link.7664-cvtres.read.1.tlog
D:\BinhLuanVan\CodeLuanVanGPU\ThesisCoding\PSM\PSM\Debug\link.7664-cvtres.write.1.tlog
D:\BinhLuanVan\CodeLuanVanGPU\ThesisCoding\PSM\PSM\Debug\link.7664-rc.read.1.tlog
D:\BinhLuanVan\CodeLuanVanGPU\ThesisCoding\PSM\PSM\Debug\link.7664-rc.write.1.tlog
D:\BinhLuanVan\CodeLuanVanGPU\ThesisCoding\PSM\PSM\Debug\link.7664.read.1.tlog
D:\BinhLuanVan\CodeLuanVanGPU\ThesisCoding\PSM\PSM\Debug\link.7664.write.1.tlog
D:\BinhLuanVan\CodeLuanVanGPU\ThesisCoding\PSM\PSM\Debug\link.7900-cvtres.read.1.tlog
D:\BinhLuanVan\CodeLuanVanGPU\ThesisCoding\PSM\PSM\Debug\link.7900-cvtres.write.1.tlog
D:\BinhLuanVan\CodeLuanVanGPU\ThesisCoding\PSM\PSM\Debug\link.7900-rc.read.1.tlog
D:\BinhLuanVan\CodeLuanVanGPU\ThesisCoding\PSM\PSM\Debug\link.7900-rc.write.1.tlog
D:\BinhLuanVan\CodeLuanVanGPU\ThesisCoding\PSM\PSM\Debug\link.7900.read.1.tlog
D:\BinhLuanVan\CodeLuanVanGPU\ThesisCoding\PSM\PSM\Debug\link.7900.write.1.tlog
D:\BinhLuanVan\CodeLuanVanGPU\ThesisCoding\PSM\PSM\Debug\link.8068-cvtres.read.1.tlog
D:\BinhLuanVan\CodeLuanVanGPU\ThesisCoding\PSM\PSM\Debug\link.8068-cvtres.write.1.tlog
D:\BinhLuanVan\CodeLuanVanGPU\ThesisCoding\PSM\PSM\Debug\link.8068-rc.read.1.tlog
D:\BinhLuanVan\CodeLuanVanGPU\ThesisCoding\PSM\PSM\Debug\link.8068-rc.write.1.tlog
D:\BinhLuanVan\CodeLuanVanGPU\ThesisCoding\PSM\PSM\Debug\link.8068.read.1.tlog
D:\BinhLuanVan\CodeLuanVanGPU\ThesisCoding\PSM\PSM\Debug\link.8068.write.1.tlog
D:\BinhLuanVan\CodeLuanVanGPU\ThesisCoding\PSM\PSM\Debug\link.8616-cvtres.read.1.tlog
D:\BinhLuanVan\CodeLuanVanGPU\ThesisCoding\PSM\PSM\Debug\link.8616-cvtres.write.1.tlog
D:\BinhLuanVan\CodeLuanVanGPU\ThesisCoding\PSM\PSM\Debug\link.8616-rc.read.1.tlog
D:\BinhLuanVan\CodeLuanVanGPU\ThesisCoding\PSM\PSM\Debug\link.8616-rc.write.1.tlog
D:\BinhLuanVan\CodeLuanVanGPU\ThesisCoding\PSM\PSM\Debug\link.8616.read.1.tlog
D:\BinhLuanVan\CodeLuanVanGPU\ThesisCoding\PSM\PSM\Debug\link.8616.write.1.tlog
D:\BinhLuanVan\CodeLuanVanGPU\ThesisCoding\PSM\PSM\Debug\link.92-cvtres.read.1.tlog
D:\BinhLuanVan\CodeLuanVanGPU\ThesisCoding\PSM\PSM\Debug\link.92-cvtres.write.1.tlog
D:\BinhLuanVan\CodeLuanVanGPU\ThesisCoding\PSM\PSM\Debug\link.92-rc.read.1.tlog
D:\BinhLuanVan\CodeLuanVanGPU\ThesisCoding\PSM\PSM\Debug\link.92-rc.write.1.tlog
D:\BinhLuanVan\CodeLuanVanGPU\ThesisCoding\PSM\PSM\Debug\link.92.read.1.tlog
D:\BinhLuanVan\CodeLuanVanGPU\ThesisCoding\PSM\PSM\Debug\link.92.write.1.tlog
D:\BinhLuanVan\CodeLuanVanGPU\ThesisCoding\PSM\PSM\Debug\link.9404-cvtres.read.1.tlog
D:\BinhLuanVan\CodeLuanVanGPU\ThesisCoding\PSM\PSM\Debug\link.9404-cvtres.write.1.tlog
D:\BinhLuanVan\CodeLuanVanGPU\ThesisCoding\PSM\PSM\Debug\link.9404-rc.read.1.tlog
D:\BinhLuanVan\CodeLuanVanGPU\ThesisCoding\PSM\PSM\Debug\link.9404-rc.write.1.tlog
D:\BinhLuanVan\CodeLuanVanGPU\ThesisCoding\PSM\PSM\Debug\link.9404.read.1.tlog
D:\BinhLuanVan\CodeLuanVanGPU\ThesisCoding\PSM\PSM\Debug\link.9404.write.1.tlog
D:\BinhLuanVan\CodeLuanVanGPU\ThesisCoding\PSM\PSM\Debug\link.9428-cvtres.read.1.tlog
D:\BinhLuanVan\CodeLuanVanGPU\ThesisCoding\PSM\PSM\Debug\link.9428-cvtres.write.1.tlog
D:\BinhLuanVan\CodeLuanVanGPU\ThesisCoding\PSM\PSM\Debug\link.9428-rc.read.1.tlog
D:\BinhLuanVan\CodeLuanVanGPU\ThesisCoding\PSM\PSM\Debug\link.9428-rc.write.1.tlog
D:\BinhLuanVan\CodeLuanVanGPU\ThesisCoding\PSM\PSM\Debug\link.9428.read.1.tlog
D:\BinhLuanVan\CodeLuanVanGPU\ThesisCoding\PSM\PSM\Debug\link.9428.write.1.tlog
D:\BinhLuanVan\CodeLuanVanGPU\ThesisCoding\PSM\PSM\Debug\link.960-cvtres.read.1.tlog
D:\BinhLuanVan\CodeLuanVanGPU\ThesisCoding\PSM\PSM\Debug\link.960-cvtres.write.1.tlog
D:\BinhLuanVan\CodeLuanVanGPU\ThesisCoding\PSM\PSM\Debug\link.960-rc.read.1.tlog
D:\BinhLuanVan\CodeLuanVanGPU\ThesisCoding\PSM\PSM\Debug\link.960-rc.write.1.tlog
D:\BinhLuanVan\CodeLuanVanGPU\ThesisCoding\PSM\PSM\Debug\link.960.read.1.tlog
D:\BinhLuanVan\CodeLuanVanGPU\ThesisCoding\PSM\PSM\Debug\link.960.write.1.tlog
D:\BinhLuanVan\CodeLuanVanGPU\ThesisCoding\PSM\PSM\Debug\link.command.1.tlog
D:\BinhLuanVan\CodeLuanVanGPU\ThesisCoding\PSM\PSM\Debug\link.read.1.tlog
D:\BinhLuanVan\CodeLuanVanGPU\ThesisCoding\PSM\PSM\Debug\link.write.1.tlog
D:\BinhLuanVan\CodeLuanVanGPU\ThesisCoding\PSM\PSM\Debug\vc110.idb
D:\BinhLuanVan\CodeLuanVanGPU\ThesisCoding\PSM\PSM\Debug\vc110.pdb
D:\BinhLuanVan\CodeLuanVanGPU\ThesisCoding\PSM\Debug\PSM.pdb
D:\BinhLuanVan\CodeLuanVanGPU\ThesisCoding\PSM\Debug\PSM.exe
D:\BinhLuanVan\CodeLuanVanGPU\ThesisCoding\PSM\Debug\PSM.ilk
